This file contains any messages produced by compilers while
running configure, to aid debugging if configure makes a mistake.

It was created by configure, which was
generated by GNU Autoconf 2.68.  Invocation command line was

  $ ./configure --disable-shared --enable-static

## --------- ##
## Platform. ##
## --------- ##

hostname = austin-se
uname -m = x86_64
uname -r = 3.5.0-26-generic
uname -s = Linux
uname -v = #42-Ubuntu SMP Fri Mar 8 23:18:20 UTC 2013

/usr/bin/uname -p = unknown
/bin/uname -X     = unknown

/bin/arch              = unknown
/usr/bin/arch -k       = unknown
/usr/convex/getsysinfo = unknown
/usr/bin/hostinfo      = unknown
/bin/machine           = unknown
/usr/bin/oslevel       = unknown
/bin/universe          = unknown

PATH: /home/simon/emscripten
PATH: /home/simon/llvm32/Release+Asserts/bin
PATH: /usr/lib/lightdm/lightdm
PATH: /usr/local/sbin
PATH: /usr/local/bin
PATH: /usr/sbin
PATH: /usr/bin
PATH: /sbin
PATH: /bin
PATH: /usr/games
PATH: /usr/local/games


## ----------- ##
## Core tests. ##
## ----------- ##

configure:1895: checking for gcc
configure:1922: result: /home/simon/emscripten/emcc
configure:2151: checking for C compiler version
configure:2160: /home/simon/emscripten/emcc --version >&5
emcc (Emscripten GCC-like replacement) 1.3.5 (commit 8408257cd66435af849f493c10c7f0e8d1d5fa3b)
Copyright (C) 2013 the Emscripten authors (see AUTHORS.txt)
This is free and open source software under the MIT license.
There is NO warranty; not even for MERCHANTABILITY or FITNESS FOR A PARTICULAR PURPOSE.
  
configure:2171: $? = 0
configure:2160: /home/simon/emscripten/emcc -v >&5
emcc (Emscripten GCC-like replacement + linker emulating GNU ld ) 2.0
clang version 3.2 (tags/RELEASE_32/final 178870)
Target: i386-pc-linux-gnu
Thread model: posix
configure:2171: $? = 0
configure:2160: /home/simon/emscripten/emcc -V >&5
clang: error: unsupported option '-V -nostdinc'
clang: error: no input files
configure:2171: $? = 1
configure:2160: /home/simon/emscripten/emcc -qversion >&5
clang: error: no input files
configure:2171: $? = 1
configure:2191: checking whether the C compiler works
configure:2213: /home/simon/emscripten/emcc    conftest.c  >&5
clang: warning: argument unused during compilation: '-nostdinc++'
configure:2217: $? = 0
configure:2265: result: yes
configure:2268: checking for C compiler default output file name
configure:2270: result: a.out
configure:2276: checking for suffix of executables
configure:2283: /home/simon/emscripten/emcc -o conftest    conftest.c  >&5
clang: warning: argument unused during compilation: '-nostdinc++'
configure:2287: $? = 0
configure:2309: result: 
configure:2331: checking whether we are cross compiling
configure:2339: /home/simon/emscripten/emcc -o conftest    conftest.c  >&5
clang: warning: argument unused during compilation: '-nostdinc++'
configure:2343: $? = 0
configure:2350: ./conftest
configure:2354: $? = 0
configure:2369: result: no
configure:2374: checking for suffix of object files
configure:2396: /home/simon/emscripten/emcc -c   conftest.c >&5
clang: warning: argument unused during compilation: '-nostdinc++'
configure:2400: $? = 0
configure:2421: result: o
configure:2425: checking whether we are using the GNU C compiler
configure:2444: /home/simon/emscripten/emcc -c   conftest.c >&5
clang: warning: argument unused during compilation: '-nostdinc++'
configure:2444: $? = 0
configure:2453: result: yes
configure:2462: checking whether /home/simon/emscripten/emcc accepts -g
configure:2482: /home/simon/emscripten/emcc -c -g  conftest.c >&5
clang: warning: argument unused during compilation: '-nostdinc++'
configure:2482: $? = 0
configure: failed program was:
| /* end confdefs.h.  */
| 
| int
| main ()
| {
| 
|   ;
|   return 0;
| }
configure:2497: /home/simon/emscripten/emcc -c   conftest.c >&5
clang: warning: argument unused during compilation: '-nostdinc++'
configure:2497: $? = 0
configure: failed program was:
| /* end confdefs.h.  */
| 
| int
| main ()
| {
| 
|   ;
|   return 0;
| }
configure:2513: /home/simon/emscripten/emcc -c -g  conftest.c >&5
clang: warning: argument unused during compilation: '-nostdinc++'
configure:2513: $? = 0
configure:2523: result: yes
configure:2540: checking for /home/simon/emscripten/emcc option to accept ISO C89
configure:2604: /home/simon/emscripten/emcc  -c   conftest.c >&5
clang: warning: argument unused during compilation: '-nostdinc++'
configure:2604: $? = 0
configure:2617: result: none needed
configure:2680: checking for a BSD-compatible install
configure:2748: result: /usr/bin/install -c
configure:2802: checking for ranlib
configure:2829: result: /home/simon/emscripten/emranlib
configure:2951: checking whether compiler understands -Wall
configure:2964: /home/simon/emscripten/emcc -c  -Wall  conftest.c >&5
clang: warning: argument unused during compilation: '-nostdinc++'
configure:2964: $? = 0
configure:2972: result: yes
configure:2979: checking whether compiler understands -xldscope=hidden
configure:2992: /home/simon/emscripten/emcc -c  -Wall -xldscope=hidden  conftest.c >&5
clang: error: language not recognized: 'ldscope=hidden'
clang: warning: conftest.c: 'linker' input unused
configure:2992: $? = 1
configure: failed program was:
| /* end confdefs.h.  */
| 
|   int main(){}
configure:3000: result: no
configure:3006: checking whether compiler understands -fvisibility=hidden
configure:3019: /home/simon/emscripten/emcc -c  -Wall -fvisibility=hidden  conftest.c >&5
clang: warning: argument unused during compilation: '-nostdinc++'
configure:3019: $? = 0
configure:3027: result: yes
configure:3037: checking whether compiler understands -Wunused-but-set-variable
configure:3050: /home/simon/emscripten/emcc -c  -Wall -Wunused-but-set-variable  conftest.c >&5
clang: warning: unknown warning option '-Wunused-but-set-variable'; did you mean '-Wunused-variable'?
clang: warning: argument unused during compilation: '-nostdinc++'
warning: unknown warning option '-Wunused-but-set-variable'; did you mean '-Wunused-variable'? [-Wunknown-warning-option]
1 warning generated.
configure:3050: $? = 0
configure:3058: result: yes
configure:3065: checking whether compiler understands -Wunused-result
configure:3078: /home/simon/emscripten/emcc -c  -Wall -Wno-unused-but-set-variable -Wunused-result  conftest.c >&5
clang: warning: unknown warning option '-Wno-unused-but-set-variable'; did you mean '-Wno-unused-variable'?
clang: warning: argument unused during compilation: '-nostdinc++'
warning: unknown warning option '-Wno-unused-but-set-variable'; did you mean '-Wno-unused-variable'? [-Wunknown-warning-option]
1 warning generated.
configure:3078: $? = 0
configure:3086: result: yes
configure:3093: checking whether compiler understands -Warray-bounds
configure:3106: /home/simon/emscripten/emcc -c  -Wall -Wno-unused-but-set-variable -Wno-unused-result -Warray-bounds  conftest.c >&5
clang: warning: unknown warning option '-Wno-unused-but-set-variable'; did you mean '-Wno-unused-variable'?
clang: warning: argument unused during compilation: '-nostdinc++'
warning: unknown warning option '-Wno-unused-but-set-variable'; did you mean '-Wno-unused-variable'? [-Wunknown-warning-option]
1 warning generated.
configure:3106: $? = 0
configure:3114: result: yes
configure:3121: checking whether alloca() needs alloca.h
configure:3135: /home/simon/emscripten/emcc -c  -Wall -Wno-unused-but-set-variable -Wno-unused-result -Wno-array-bounds   conftest.c >&5
clang: warning: unknown warning option '-Wno-unused-but-set-variable'; did you mean '-Wno-unused-variable'?
clang: warning: argument unused during compilation: '-nostdinc++'
warning: unknown warning option '-Wno-unused-but-set-variable'; did you mean '-Wno-unused-variable'? [-Wunknown-warning-option]
1 warning generated.
configure:3135: $? = 0
configure:3143: result: yes
configure:3150: checking for pow in -lm
configure:3175: /home/simon/emscripten/emcc -o conftest  -Wall -Wno-unused-but-set-variable -Wno-unused-result -Wno-array-bounds   -fvisibility=hidden conftest.c -lm   >&5
clang: warning: unknown warning option '-Wno-unused-but-set-variable'; did you mean '-Wno-unused-variable'?
clang: warning: argument unused during compilation: '-nostdinc++'
warning: unknown warning option '-Wno-unused-but-set-variable'; did you mean '-Wno-unused-variable'? [-Wunknown-warning-option]
conftest.c:10:6: warning: incompatible redeclaration of library function 'pow'
char pow ();
     ^
conftest.c:10:6: note: 'pow' is a builtin with type 'double (double, double)'
2 warnings generated.
configure:3175: $? = 0
configure:3184: result: yes
configure:3198: checking for popen
configure:3198: /home/simon/emscripten/emcc -o conftest  -Wall -Wno-unused-but-set-variable -Wno-unused-result -Wno-array-bounds   -fvisibility=hidden conftest.c -lm  >&5
clang: warning: unknown warning option '-Wno-unused-but-set-variable'; did you mean '-Wno-unused-variable'?
clang: warning: argument unused during compilation: '-nostdinc++'
warning: unknown warning option '-Wno-unused-but-set-variable'; did you mean '-Wno-unused-variable'? [-Wunknown-warning-option]
1 warning generated.
configure:3198: $? = 0
configure:3198: result: yes
configure:3198: checking for mkstemp
configure:3198: /home/simon/emscripten/emcc -o conftest  -Wall -Wno-unused-but-set-variable -Wno-unused-result -Wno-array-bounds   -fvisibility=hidden conftest.c -lm  >&5
clang: warning: unknown warning option '-Wno-unused-but-set-variable'; did you mean '-Wno-unused-variable'?
clang: warning: argument unused during compilation: '-nostdinc++'
warning: unknown warning option '-Wno-unused-but-set-variable'; did you mean '-Wno-unused-variable'? [-Wunknown-warning-option]
1 warning generated.
configure:3198: $? = 0
configure:3198: result: yes
configure:3198: checking for fnmatch
configure:3198: /home/simon/emscripten/emcc -o conftest  -Wall -Wno-unused-but-set-variable -Wno-unused-result -Wno-array-bounds   -fvisibility=hidden conftest.c -lm  >&5
clang: warning: unknown warning option '-Wno-unused-but-set-variable'; did you mean '-Wno-unused-variable'?
clang: warning: argument unused during compilation: '-nostdinc++'
warning: unknown warning option '-Wno-unused-but-set-variable'; did you mean '-Wno-unused-variable'? [-Wunknown-warning-option]
1 warning generated.
configure:3198: $? = 0
configure:3198: result: yes
configure:3198: checking for strlcpy
configure:3198: /home/simon/emscripten/emcc -o conftest  -Wall -Wno-unused-but-set-variable -Wno-unused-result -Wno-array-bounds   -fvisibility=hidden conftest.c -lm  >&5
clang: warning: unknown warning option '-Wno-unused-but-set-variable'; did you mean '-Wno-unused-variable'?
clang: warning: argument unused during compilation: '-nostdinc++'
warning: unknown warning option '-Wno-unused-but-set-variable'; did you mean '-Wno-unused-variable'? [-Wunknown-warning-option]
conftest.c:30:6: warning: incompatible redeclaration of library function 'strlcpy'
char strlcpy ();
     ^
conftest.c:30:6: note: 'strlcpy' is a builtin with type 'unsigned int (char *, const char *, unsigned int)'
2 warnings generated.
/tmp/conftest-mRB58i.o: In function `main':
conftest.c:(.text+0xe): undefined reference to `strlcpy'
clang: error: linker command failed with exit code 1 (use -v to see invocation)
configure:3198: $? = 1
configure: failed program was:
| #define HAVE_ALLOCA_H 1
| #define HAVE_LIBM 1
| #define HAVE_POPEN 1
| #define HAVE_MKSTEMP 1
| #define HAVE_FNMATCH 1
| /* end confdefs.h.  */
| /* Define strlcpy to an innocuous variant, in case <limits.h> declares strlcpy.
|    For example, HP-UX 11i <limits.h> declares gettimeofday.  */
| #define strlcpy innocuous_strlcpy
| 
| /* System header to define __stub macros and hopefully few prototypes,
|     which can conflict with char strlcpy (); below.
|     Prefer <limits.h> to <assert.h> if __STDC__ is defined, since
|     <limits.h> exists even on freestanding compilers.  */
| 
| #ifdef __STDC__
| # include <limits.h>
| #else
| # include <assert.h>
| #endif
| 
| #undef strlcpy
| 
| /* Override any GCC internal prototype to avoid an error.
|    Use char because int might match the return type of a GCC
|    builtin and then its argument prototype would still apply.  */
| #ifdef __cplusplus
| extern "C"
| #endif
| char strlcpy ();
| /* The GNU C library defines this for functions which it implements
|     to always fail with ENOSYS.  Some functions are actually named
|     something starting with __ and the normal name is an alias.  */
| #if defined __stub_strlcpy || defined __stub___strlcpy
| choke me
| #endif
| 
| int
| main ()
| {
| return strlcpy ();
|   ;
|   return 0;
| }
configure:3198: result: no
configure:3361: creating ./config.status

## ---------------------- ##
## Running config.status. ##
## ---------------------- ##

This file was extended by config.status, which was
generated by GNU Autoconf 2.68.  Invocation command line was

  CONFIG_FILES    = 
  CONFIG_HEADERS  = 
  CONFIG_LINKS    = 
  CONFIG_COMMANDS = 
  $ ./config.status 

on austin-se

config.status:739: creating Makefile
config.status:739: creating libxmp.pc

## ---------------- ##
## Cache variables. ##
## ---------------- ##

ac_cv_c_compiler_gnu=yes
ac_cv_c_flag_f_visibility_hidden=yes
ac_cv_c_flag_w_all=yes
ac_cv_c_flag_w_array_bounds=yes
ac_cv_c_flag_w_have_alloca_h=yes
ac_cv_c_flag_w_unused_but_set_variable=yes
ac_cv_c_flag_w_unused_result=yes
ac_cv_c_flag_xldscope_hidden=no
ac_cv_env_CC_set=set
ac_cv_env_CC_value=/home/simon/emscripten/emcc
ac_cv_env_CFLAGS_set=set
ac_cv_env_CFLAGS_value=
ac_cv_env_CPPFLAGS_set=
ac_cv_env_CPPFLAGS_value=
ac_cv_env_LDFLAGS_set=
ac_cv_env_LDFLAGS_value=
ac_cv_env_LIBS_set=
ac_cv_env_LIBS_value=
ac_cv_env_build_alias_set=
ac_cv_env_build_alias_value=
ac_cv_env_host_alias_set=
ac_cv_env_host_alias_value=
ac_cv_env_target_alias_set=
ac_cv_env_target_alias_value=
ac_cv_func_fnmatch=yes
ac_cv_func_mkstemp=yes
ac_cv_func_popen=yes
ac_cv_func_strlcpy=no
ac_cv_lib_m_pow=yes
ac_cv_objext=o
ac_cv_path_install='/usr/bin/install -c'
ac_cv_prog_ac_ct_CC=/home/simon/emscripten/emcc
ac_cv_prog_ac_ct_RANLIB=/home/simon/emscripten/emranlib
ac_cv_prog_cc_c89=
ac_cv_prog_cc_g=yes

## ----------------- ##
## Output variables. ##
## ----------------- ##

CC='/home/simon/emscripten/emcc'
CFLAGS=' -Wall -Wno-unused-but-set-variable -Wno-unused-result -Wno-array-bounds'
CPPFLAGS=''
DEFS='-DHAVE_ALLOCA_H=1 -DHAVE_LIBM=1 -DHAVE_POPEN=1 -DHAVE_MKSTEMP=1 -DHAVE_FNMATCH=1'
ECHO_C=''
ECHO_N='-n'
ECHO_T=''
EXEEXT=''
INSTALL_DATA='${INSTALL} -m 644'
INSTALL_PROGRAM='${INSTALL}'
INSTALL_SCRIPT='${INSTALL}'
LDFLAGS=' -fvisibility=hidden'
LD_VERSCRIPT='-Wl,--version-script,libxmp.map'
LIBOBJS=''
LIBS='-lm '
LTLIBOBJS=''
OBJEXT='o'
PACKAGE_BUGREPORT=''
PACKAGE_NAME=''
PACKAGE_STRING=''
PACKAGE_TARNAME=''
PACKAGE_URL=''
PACKAGE_VERSION=''
PATH_SEPARATOR=':'
RANLIB='/home/simon/emscripten/emranlib'
SHARED=''
SHELL='/bin/bash'
STATIC='static'
ac_ct_CC='/home/simon/emscripten/emcc'
bindir='${exec_prefix}/bin'
build_alias=''
datadir='${datarootdir}'
datarootdir='${prefix}/share'
docdir='${datarootdir}/doc/${PACKAGE}'
dvidir='${docdir}'
exec_prefix='${prefix}'
host_alias=''
htmldir='${docdir}'
includedir='${prefix}/include'
infodir='${datarootdir}/info'
libdir='${exec_prefix}/lib'
libexecdir='${exec_prefix}/libexec'
localedir='${datarootdir}/locale'
localstatedir='${prefix}/var'
mandir='${datarootdir}/man'
oldincludedir='/usr/include'
pdfdir='${docdir}'
prefix='/usr/local'
program_transform_name='s,x,x,'
psdir='${docdir}'
sbindir='${exec_prefix}/sbin'
sharedstatedir='${prefix}/com'
sysconfdir='${prefix}/etc'
target_alias=''

## ----------- ##
## confdefs.h. ##
## ----------- ##

#define HAVE_ALLOCA_H 1
#define HAVE_LIBM 1
#define HAVE_POPEN 1
#define HAVE_MKSTEMP 1
#define HAVE_FNMATCH 1

configure: exit 0
